<?xml version="1.0" encoding="UTF-8"?>
<!-- Generated by org.testng.reporters.JUnitReportReporter -->
<testsuite hostname="DESKTOP-MBIM8R9" failures="0" tests="2" name="com.test.jtc.tests.GoogleSearchTest" time="2.490" errors="0" timestamp="8 Apr 2021 06:29:38 GMT" skipped="0">
  <testcase classname="com.test.jtc.tests.GoogleSearchTest" name="verifyPageTitle" time="0.012"/>
  <testcase classname="com.test.jtc.tests.GoogleSearchTest" name="googleSearch" time="2.478"/>
</testsuite> <!-- com.test.jtc.tests.GoogleSearchTest -->
